<?xml version="1.0" encoding="UTF-8"?>
<testng-results skipped="0" failed="0" ignored="0" total="1" passed="1">
  <reporter-output>
  </reporter-output>
  <suite name="Default suite" duration-ms="46919" started-at="2018-03-28T11:31:57Z" finished-at="2018-03-28T11:32:44Z">
    <groups>
    </groups>
    <test name="Default test" duration-ms="46919" started-at="2018-03-28T11:31:57Z" finished-at="2018-03-28T11:32:44Z">
      <class name="com.hybridFramework.registration.Registration">
        <test-method status="PASS" signature="launchBrowser()[pri:0, instance:com.hybridFramework.registration.Registration@1defd3f]" name="launchBrowser" is-config="true" duration-ms="18120" started-at="2018-03-28T11:31:57Z" finished-at="2018-03-28T11:32:15Z">
          <reporter-output>
          </reporter-output>
        </test-method> <!-- launchBrowser -->
        <test-method status="PASS" signature="beforeMethod(java.lang.reflect.Method)[pri:0, instance:com.hybridFramework.registration.Registration@1defd3f]" name="beforeMethod" is-config="true" duration-ms="20" started-at="2018-03-28T11:32:15Z" finished-at="2018-03-28T11:32:15Z">
          <params>
            <param index="0">
              <value>
                <![CDATA[public void com.hybridFramework.registration.Registration.testLoginToApplication()]]>
              </value>
            </param>
          </params>
          <reporter-output>
          </reporter-output>
        </test-method> <!-- beforeMethod -->
        <test-method status="PASS" signature="testLoginToApplication()[pri:0, instance:com.hybridFramework.registration.Registration@1defd3f]" name="testLoginToApplication" duration-ms="23754" started-at="2018-03-28T11:32:15Z" finished-at="2018-03-28T11:32:39Z">
          <reporter-output>
          </reporter-output>
        </test-method> <!-- testLoginToApplication -->
        <test-method status="PASS" signature="afterMethod(org.testng.ITestResult)[pri:0, instance:com.hybridFramework.registration.Registration@1defd3f]" name="afterMethod" is-config="true" duration-ms="0" started-at="2018-03-28T11:32:39Z" finished-at="2018-03-28T11:32:39Z">
          <params>
            <param index="0">
              <value>
                <![CDATA[[TestResult name=testLoginToApplication status=SUCCESS method=Registration.testLoginToApplication()[pri:0, instance:com.hybridFramework.registration.Registration@1defd3f] output={null}]]]>
              </value>
            </param>
          </params>
          <reporter-output>
          </reporter-output>
        </test-method> <!-- afterMethod -->
        <test-method status="PASS" signature="endTest()[pri:0, instance:com.hybridFramework.registration.Registration@1defd3f]" name="endTest" is-config="true" duration-ms="4950" started-at="2018-03-28T11:32:39Z" finished-at="2018-03-28T11:32:44Z">
          <reporter-output>
          </reporter-output>
        </test-method> <!-- endTest -->
      </class> <!-- com.hybridFramework.registration.Registration -->
    </test> <!-- Default test -->
  </suite> <!-- Default suite -->
</testng-results>
